<?xml version="1.0" encoding="UTF-8"?>
<!-- Generated by org.testng.reporters.JUnitXMLReporter -->
<testsuite ignored="0" hostname="DESKTOP-NFT8SKL" failures="0" tests="6" name="Another Calculator Test" time="0.178" errors="0" timestamp="2022-06-19T23:53:39 MSK">
  <testcase classname="ru.levelp.at.homework2.CalculatorAnotherTest" name="calculatorPowTest" time="0.009"/>
  <testcase classname="ru.levelp.at.homework2.CalculatorAnotherTest" name="calculatorPowTest" time="0.001"/>
  <testcase classname="ru.levelp.at.homework2.CalculatorAnotherTest" name="calculatorPowTest" time="0.001"/>
  <testcase classname="ru.levelp.at.homework2.CalculatorAnotherTest" name="calculatorSqrtTest" time="0.001"/>
  <testcase classname="ru.levelp.at.homework2.CalculatorAnotherTest" name="calculatorSqrtTest" time="0.001"/>
  <testcase classname="ru.levelp.at.homework2.CalculatorAnotherTest" name="calculatorSqrtTest" time="0.001"/>
</testsuite> <!-- Another Calculator Test -->
