<?xml version="1.0" encoding="UTF-8"?>
<!-- Generated by org.testng.reporters.JUnitXMLReporter -->
<testsuite ignored="0" hostname="DESKTOP-NFT8SKL" failures="0" tests="33" name="All Calculator Test" time="0.327" errors="0" timestamp="2022-06-19T16:37:49 MSK">
  <testcase classname="ru.levelp.at.homework2.CalculatorDivTest" name="calculatorDivDoubleTest" time="0.011"/>
  <testcase classname="ru.levelp.at.homework2.CalculatorDivTest" name="calculatorDivDoubleTest" time="0.002"/>
  <testcase classname="ru.levelp.at.homework2.CalculatorDivTest" name="calculatorDivDoubleTest" time="0.004"/>
  <testcase classname="ru.levelp.at.homework2.CalculatorDivTest" name="calculatorDivDoubleTest" time="0.002"/>
  <testcase classname="ru.levelp.at.homework2.CalculatorDivTest" name="calculatorDivTest" time="0.001"/>
  <testcase classname="ru.levelp.at.homework2.CalculatorDivTest" name="calculatorDivTest" time="0.0"/>
  <testcase classname="ru.levelp.at.homework2.CalculatorDivTest" name="calculatorDivTest" time="0.001"/>
  <testcase classname="ru.levelp.at.homework2.CalculatorDivTest" name="calculatorDivTest" time="0.008"/>
  <testcase classname="ru.levelp.at.homework2.CalculatorDivTest" name="exceptionDoubleTesting" time="0.002"/>
  <testcase classname="ru.levelp.at.homework2.CalculatorDivTest" name="exceptionTesting" time="0.004"/>
  <testcase classname="ru.levelp.at.homework2.CalculatorFuncTest" name="calculatorFunTest" time="0.001"/>
  <testcase classname="ru.levelp.at.homework2.CalculatorMultTest" name="calculatorMultiplyTest" time="0.001"/>
  <testcase classname="ru.levelp.at.homework2.CalculatorMultTest" name="calculatorMultiplyTest" time="0.001"/>
  <testcase classname="ru.levelp.at.homework2.CalculatorMultTest" name="calculatorMultiplyTest" time="0.001"/>
  <testcase classname="ru.levelp.at.homework2.CalculatorMultTest" name="calculatorMultiplyTest" time="0.001"/>
  <testcase classname="ru.levelp.at.homework2.CalculatorMultTest" name="calculatorMultiplyTest" time="0.0"/>
  <testcase classname="ru.levelp.at.homework2.CalculatorMultTest" name="calculatorMultiplyTest" time="0.0"/>
  <testcase classname="ru.levelp.at.homework2.CalculatorMultTest" name="calculatorMultiplyTest" time="0.002"/>
  <testcase classname="ru.levelp.at.homework2.CalculatorMultTest" name="calculatorMultiplyTest" time="0.001"/>
  <testcase classname="ru.levelp.at.homework2.CalculatorSubTest" name="calculatorSubTest" time="0.001"/>
  <testcase classname="ru.levelp.at.homework2.CalculatorSubTest" name="calculatorSubTest" time="0.0"/>
  <testcase classname="ru.levelp.at.homework2.CalculatorSubTest" name="calculatorSubTest" time="0.0"/>
  <testcase classname="ru.levelp.at.homework2.CalculatorSubTest" name="calculatorSubTest" time="0.0"/>
  <testcase classname="ru.levelp.at.homework2.CalculatorSubTest" name="calculatorSubTest" time="0.0"/>
  <testcase classname="ru.levelp.at.homework2.CalculatorSubTest" name="calculatorSubTest" time="0.001"/>
  <testcase classname="ru.levelp.at.homework2.CalculatorSubTest" name="calculatorSubTest" time="0.0"/>
  <testcase classname="ru.levelp.at.homework2.CalculatorSumTest" name="calculatorSumDoubleTest" time="0.001"/>
  <testcase classname="ru.levelp.at.homework2.CalculatorSumTest" name="calculatorSumDoubleTest" time="0.001"/>
  <testcase classname="ru.levelp.at.homework2.CalculatorSumTest" name="calculatorSumDoubleTest" time="0.001"/>
  <testcase classname="ru.levelp.at.homework2.CalculatorSumTest" name="calculatorSumTest" time="0.0"/>
  <testcase classname="ru.levelp.at.homework2.CalculatorSumTest" name="calculatorSumTest" time="0.001"/>
  <testcase classname="ru.levelp.at.homework2.CalculatorSumTest" name="calculatorSumTest" time="0.001"/>
  <testcase classname="ru.levelp.at.homework2.CalculatorSumTest" name="calculatorSumTest" time="0.001"/>
</testsuite> <!-- All Calculator Test -->
