<?xml version="1.0" encoding="UTF-8"?>
<testsuite xmlns:xsi="http://www.w3.org/2001/XMLSchema-instance" xsi:noNamespaceSchemaLocation="https://maven.apache.org/surefire/maven-surefire-plugin/xsd/surefire-test-report-3.0.xsd" version="3.0" name="TestSuite" time="1.729" tests="33" errors="0" skipped="0" failures="0">
  <properties>
[...]
</properties>
  <testcase name="calculatorDivDoubleTest[12.8, 4.2, 3.0476190476190474](1)" classname="ru.levelp.at.homework2.CalculatorDivTest" time="0.004">
    <system-err><![CDATA[SLF4J: Failed to load class "org.slf4j.impl.StaticLoggerBinder".
SLF4J: Defaulting to no-operation (NOP) logger implementation
SLF4J: See http://www.slf4j.org/codes.html#StaticLoggerBinder for further details.
]]></system-err>
  </testcase>
  <testcase name="calculatorDivDoubleTest[33.6, 5.6, 6.000000000000001](2)" classname="ru.levelp.at.homework2.CalculatorDivTest" time="0"/>
  <testcase name="calculatorDivDoubleTest[100, 2.5, 40](3)" classname="ru.levelp.at.homework2.CalculatorDivTest" time="0.001"/>
  <testcase name="calculatorDivDoubleTest[25.2, 2.5, 10.08](4)" classname="ru.levelp.at.homework2.CalculatorDivTest" time="0.002"/>
  <testcase name="calculatorDivTest[12, 4, 3](1)" classname="ru.levelp.at.homework2.CalculatorDivTest" time="0.001"/>
  <testcase name="calculatorDivTest[30, 5, 6](2)" classname="ru.levelp.at.homework2.CalculatorDivTest" time="0.001"/>
  <testcase name="calculatorDivTest[100, 2, 50](3)" classname="ru.levelp.at.homework2.CalculatorDivTest" time="0.001"/>
  <testcase name="calculatorDivTest[18, 2, 9](4)" classname="ru.levelp.at.homework2.CalculatorDivTest" time="0.009"/>
  <testcase name="exceptionDoubleTesting" classname="ru.levelp.at.homework2.CalculatorDivTest" time="0.003"/>
  <testcase name="exceptionTesting" classname="ru.levelp.at.homework2.CalculatorDivTest" time="0.001"/>
  <testcase name="calculatorFunTest[2, 2, 4](1)" classname="ru.levelp.at.homework2.CalculatorFuncTest" time="0.002"/>
  <testcase name="calculatorMultiplyTest[2.5, 4.2, 10.0](1)" classname="ru.levelp.at.homework2.CalculatorMultTest" time="0.001"/>
  <testcase name="calculatorMultiplyTest[6.2, 5.8, 35.0](2)" classname="ru.levelp.at.homework2.CalculatorMultTest" time="0.001"/>
  <testcase name="calculatorMultiplyTest[9.7, 1, 9.0](3)" classname="ru.levelp.at.homework2.CalculatorMultTest" time="0.001"/>
  <testcase name="calculatorMultiplyTest[56.2548, 34.2587, 1927.0](4)" classname="ru.levelp.at.homework2.CalculatorMultTest" time="0"/>
  <testcase name="calculatorMultiplyTest[2, 4, 8](1)" classname="ru.levelp.at.homework2.CalculatorMultTest" time="0"/>
  <testcase name="calculatorMultiplyTest[6, 5, 30](2)" classname="ru.levelp.at.homework2.CalculatorMultTest" time="0.001"/>
  <testcase name="calculatorMultiplyTest[8, 1, 8](3)" classname="ru.levelp.at.homework2.CalculatorMultTest" time="0.005"/>
  <testcase name="calculatorMultiplyTest[15, 2, 30](4)" classname="ru.levelp.at.homework2.CalculatorMultTest" time="0.001"/>
  <testcase name="calculatorSubTest[12.8, 4.7, 8.100000000000001](1)" classname="ru.levelp.at.homework2.CalculatorSubTest" time="0.001"/>
  <testcase name="calculatorSubTest[61.52, 32.89, 28.630000000000003](2)" classname="ru.levelp.at.homework2.CalculatorSubTest" time="0"/>
  <testcase name="calculatorSubTest[69.876, 12.5267, 57.34930000000001](3)" classname="ru.levelp.at.homework2.CalculatorSubTest" time="0.005"/>
  <testcase name="calculatorSubTest[12, 4, 8](1)" classname="ru.levelp.at.homework2.CalculatorSubTest" time="0"/>
  <testcase name="calculatorSubTest[6, 5, 1](2)" classname="ru.levelp.at.homework2.CalculatorSubTest" time="0.001"/>
  <testcase name="calculatorSubTest[8, 1, 7](3)" classname="ru.levelp.at.homework2.CalculatorSubTest" time="0.001"/>
  <testcase name="calculatorSubTest[15, 2, 13](4)" classname="ru.levelp.at.homework2.CalculatorSubTest" time="0.001"/>
  <testcase name="calculatorSumDoubleTest[8.5, 2.3, 10.8](1)" classname="ru.levelp.at.homework2.CalculatorSumTest" time="0.003"/>
  <testcase name="calculatorSumDoubleTest[1.9, 25.8, 27.7](2)" classname="ru.levelp.at.homework2.CalculatorSumTest" time="0"/>
  <testcase name="calculatorSumDoubleTest[9.78, 58.563, 68.343](3)" classname="ru.levelp.at.homework2.CalculatorSumTest" time="0.001"/>
  <testcase name="calculatorSumTest[2, 4, 6](1)" classname="ru.levelp.at.homework2.CalculatorSumTest" time="0"/>
  <testcase name="calculatorSumTest[6, 5, 11](2)" classname="ru.levelp.at.homework2.CalculatorSumTest" time="0"/>
  <testcase name="calculatorSumTest[8, 1, 9](3)" classname="ru.levelp.at.homework2.CalculatorSumTest" time="0"/>
  <testcase name="calculatorSumTest[9, 14, 23](4)" classname="ru.levelp.at.homework2.CalculatorSumTest" time="0"/>
</testsuite>