<?xml version="1.0" encoding="UTF-8"?>
<testng-results ignored="0" total="6" passed="6" failed="0" skipped="0">
  <reporter-output>
  </reporter-output>
  <suite started-at="2022-06-19T23:53:39 MSK" name="Another Calculator Test Suite" finished-at="2022-06-19T23:53:39 MSK" duration-ms="178">
    <groups>
    </groups>
    <test started-at="2022-06-19T23:53:39 MSK" name="Another Calculator Test" finished-at="2022-06-19T23:53:39 MSK" duration-ms="178">
      <class name="ru.levelp.at.homework2.CalculatorAnotherTest">
        <test-method is-config="true" signature="setUp()[pri:0, instance:ru.levelp.at.homework2.CalculatorAnotherTest@16eb3ea3]" started-at="2022-06-19T23:53:39 MSK" name="setUp" finished-at="2022-06-19T23:53:39 MSK" duration-ms="27" status="PASS">
          <reporter-output>
          </reporter-output>
        </test-method> <!-- setUp -->
        <test-method signature="calculatorPowTest(double,double,double)[pri:0, instance:ru.levelp.at.homework2.CalculatorAnotherTest@16eb3ea3]" started-at="2022-06-19T23:53:39 MSK" name="calculatorPowTest" data-provider="divDataPow" finished-at="2022-06-19T23:53:39 MSK" duration-ms="9" status="PASS">
          <params>
            <param index="0">
              <value>
                <![CDATA[2]]>
              </value>
            </param>
            <param index="1">
              <value>
                <![CDATA[2]]>
              </value>
            </param>
            <param index="2">
              <value>
                <![CDATA[4]]>
              </value>
            </param>
          </params>
          <reporter-output>
          </reporter-output>
        </test-method> <!-- calculatorPowTest -->
        <test-method is-config="true" signature="tearDown()[pri:0, instance:ru.levelp.at.homework2.CalculatorAnotherTest@16eb3ea3]" started-at="2022-06-19T23:53:39 MSK" name="tearDown" finished-at="2022-06-19T23:53:39 MSK" duration-ms="1" status="PASS">
          <reporter-output>
          </reporter-output>
        </test-method> <!-- tearDown -->
        <test-method is-config="true" signature="setUp()[pri:0, instance:ru.levelp.at.homework2.CalculatorAnotherTest@16eb3ea3]" started-at="2022-06-19T23:53:39 MSK" name="setUp" finished-at="2022-06-19T23:53:39 MSK" duration-ms="3" status="PASS">
          <reporter-output>
          </reporter-output>
        </test-method> <!-- setUp -->
        <test-method signature="calculatorPowTest(double,double,double)[pri:0, instance:ru.levelp.at.homework2.CalculatorAnotherTest@16eb3ea3]" started-at="2022-06-19T23:53:39 MSK" name="calculatorPowTest" data-provider="divDataPow" finished-at="2022-06-19T23:53:39 MSK" duration-ms="1" status="PASS">
          <params>
            <param index="0">
              <value>
                <![CDATA[3]]>
              </value>
            </param>
            <param index="1">
              <value>
                <![CDATA[2]]>
              </value>
            </param>
            <param index="2">
              <value>
                <![CDATA[9]]>
              </value>
            </param>
          </params>
          <reporter-output>
          </reporter-output>
        </test-method> <!-- calculatorPowTest -->
        <test-method is-config="true" signature="tearDown()[pri:0, instance:ru.levelp.at.homework2.CalculatorAnotherTest@16eb3ea3]" started-at="2022-06-19T23:53:39 MSK" name="tearDown" finished-at="2022-06-19T23:53:39 MSK" duration-ms="1" status="PASS">
          <reporter-output>
          </reporter-output>
        </test-method> <!-- tearDown -->
        <test-method signature="calculatorPowTest(double,double,double)[pri:0, instance:ru.levelp.at.homework2.CalculatorAnotherTest@16eb3ea3]" started-at="2022-06-19T23:53:39 MSK" name="calculatorPowTest" data-provider="divDataPow" finished-at="2022-06-19T23:53:39 MSK" duration-ms="1" status="PASS">
          <params>
            <param index="0">
              <value>
                <![CDATA[4]]>
              </value>
            </param>
            <param index="1">
              <value>
                <![CDATA[2]]>
              </value>
            </param>
            <param index="2">
              <value>
                <![CDATA[16]]>
              </value>
            </param>
          </params>
          <reporter-output>
          </reporter-output>
        </test-method> <!-- calculatorPowTest -->
        <test-method is-config="true" signature="setUp()[pri:0, instance:ru.levelp.at.homework2.CalculatorAnotherTest@16eb3ea3]" started-at="2022-06-19T23:53:39 MSK" name="setUp" finished-at="2022-06-19T23:53:39 MSK" duration-ms="0" status="PASS">
          <reporter-output>
          </reporter-output>
        </test-method> <!-- setUp -->
        <test-method is-config="true" signature="tearDown()[pri:0, instance:ru.levelp.at.homework2.CalculatorAnotherTest@16eb3ea3]" started-at="2022-06-19T23:53:39 MSK" name="tearDown" finished-at="2022-06-19T23:53:39 MSK" duration-ms="0" status="PASS">
          <reporter-output>
          </reporter-output>
        </test-method> <!-- tearDown -->
        <test-method signature="calculatorSqrtTest(double,double)[pri:0, instance:ru.levelp.at.homework2.CalculatorAnotherTest@16eb3ea3]" started-at="2022-06-19T23:53:39 MSK" name="calculatorSqrtTest" data-provider="sqrlData" finished-at="2022-06-19T23:53:39 MSK" duration-ms="1" status="PASS">
          <params>
            <param index="0">
              <value>
                <![CDATA[16]]>
              </value>
            </param>
            <param index="1">
              <value>
                <![CDATA[4]]>
              </value>
            </param>
          </params>
          <reporter-output>
          </reporter-output>
        </test-method> <!-- calculatorSqrtTest -->
        <test-method is-config="true" signature="setUp()[pri:0, instance:ru.levelp.at.homework2.CalculatorAnotherTest@16eb3ea3]" started-at="2022-06-19T23:53:39 MSK" name="setUp" finished-at="2022-06-19T23:53:39 MSK" duration-ms="0" status="PASS">
          <reporter-output>
          </reporter-output>
        </test-method> <!-- setUp -->
        <test-method is-config="true" signature="tearDown()[pri:0, instance:ru.levelp.at.homework2.CalculatorAnotherTest@16eb3ea3]" started-at="2022-06-19T23:53:39 MSK" name="tearDown" finished-at="2022-06-19T23:53:39 MSK" duration-ms="1" status="PASS">
          <reporter-output>
          </reporter-output>
        </test-method> <!-- tearDown -->
        <test-method is-config="true" signature="setUp()[pri:0, instance:ru.levelp.at.homework2.CalculatorAnotherTest@16eb3ea3]" started-at="2022-06-19T23:53:39 MSK" name="setUp" finished-at="2022-06-19T23:53:39 MSK" duration-ms="1" status="PASS">
          <reporter-output>
          </reporter-output>
        </test-method> <!-- setUp -->
        <test-method signature="calculatorSqrtTest(double,double)[pri:0, instance:ru.levelp.at.homework2.CalculatorAnotherTest@16eb3ea3]" started-at="2022-06-19T23:53:39 MSK" name="calculatorSqrtTest" data-provider="sqrlData" finished-at="2022-06-19T23:53:39 MSK" duration-ms="1" status="PASS">
          <params>
            <param index="0">
              <value>
                <![CDATA[9]]>
              </value>
            </param>
            <param index="1">
              <value>
                <![CDATA[3]]>
              </value>
            </param>
          </params>
          <reporter-output>
          </reporter-output>
        </test-method> <!-- calculatorSqrtTest -->
        <test-method is-config="true" signature="tearDown()[pri:0, instance:ru.levelp.at.homework2.CalculatorAnotherTest@16eb3ea3]" started-at="2022-06-19T23:53:39 MSK" name="tearDown" finished-at="2022-06-19T23:53:39 MSK" duration-ms="1" status="PASS">
          <reporter-output>
          </reporter-output>
        </test-method> <!-- tearDown -->
        <test-method signature="calculatorSqrtTest(double,double)[pri:0, instance:ru.levelp.at.homework2.CalculatorAnotherTest@16eb3ea3]" started-at="2022-06-19T23:53:39 MSK" name="calculatorSqrtTest" data-provider="sqrlData" finished-at="2022-06-19T23:53:39 MSK" duration-ms="1" status="PASS">
          <params>
            <param index="0">
              <value>
                <![CDATA[16]]>
              </value>
            </param>
            <param index="1">
              <value>
                <![CDATA[4]]>
              </value>
            </param>
          </params>
          <reporter-output>
          </reporter-output>
        </test-method> <!-- calculatorSqrtTest -->
        <test-method is-config="true" signature="setUp()[pri:0, instance:ru.levelp.at.homework2.CalculatorAnotherTest@16eb3ea3]" started-at="2022-06-19T23:53:39 MSK" name="setUp" finished-at="2022-06-19T23:53:39 MSK" duration-ms="0" status="PASS">
          <reporter-output>
          </reporter-output>
        </test-method> <!-- setUp -->
        <test-method is-config="true" signature="tearDown()[pri:0, instance:ru.levelp.at.homework2.CalculatorAnotherTest@16eb3ea3]" started-at="2022-06-19T23:53:39 MSK" name="tearDown" finished-at="2022-06-19T23:53:39 MSK" duration-ms="0" status="PASS">
          <reporter-output>
          </reporter-output>
        </test-method> <!-- tearDown -->
      </class> <!-- ru.levelp.at.homework2.CalculatorAnotherTest -->
    </test> <!-- Another Calculator Test -->
  </suite> <!-- Another Calculator Test Suite -->
</testng-results>
