<?xml version="1.0" encoding="UTF-8"?>
<testng-results ignored="0" total="33" passed="33" failed="0" skipped="0">
  <reporter-output>
  </reporter-output>
  <suite started-at="2022-06-19T16:37:48 MSK" name="All Calculator Test Suite" finished-at="2022-06-19T16:37:48 MSK" duration-ms="327">
    <groups>
    </groups>
    <test started-at="2022-06-19T16:37:48 MSK" name="All Calculator Test" finished-at="2022-06-19T16:37:48 MSK" duration-ms="327">
      <class name="ru.levelp.at.homework2.CalculatorSumTest">
        <test-method signature="calculatorSumDoubleTest(double,double,double)[pri:0, instance:ru.levelp.at.homework2.CalculatorSumTest@4d15107f]" started-at="2022-06-19T16:37:48 MSK" name="calculatorSumDoubleTest" data-provider="sumDataDouble" finished-at="2022-06-19T16:37:48 MSK" duration-ms="1" status="PASS">
          <params>
            <param index="0">
              <value>
                <![CDATA[8.5]]>
              </value>
            </param>
            <param index="1">
              <value>
                <![CDATA[2.3]]>
              </value>
            </param>
            <param index="2">
              <value>
                <![CDATA[10.8]]>
              </value>
            </param>
          </params>
          <reporter-output>
          </reporter-output>
        </test-method> <!-- calculatorSumDoubleTest -->
        <test-method is-config="true" signature="setUp()[pri:0, instance:ru.levelp.at.homework2.CalculatorSumTest@4d15107f]" started-at="2022-06-19T16:37:48 MSK" name="setUp" finished-at="2022-06-19T16:37:48 MSK" duration-ms="0" status="PASS">
          <reporter-output>
          </reporter-output>
        </test-method> <!-- setUp -->
        <test-method is-config="true" signature="tearDown()[pri:0, instance:ru.levelp.at.homework2.CalculatorSumTest@4d15107f]" started-at="2022-06-19T16:37:48 MSK" name="tearDown" finished-at="2022-06-19T16:37:48 MSK" duration-ms="0" status="PASS">
          <reporter-output>
          </reporter-output>
        </test-method> <!-- tearDown -->
        <test-method signature="calculatorSumDoubleTest(double,double,double)[pri:0, instance:ru.levelp.at.homework2.CalculatorSumTest@4d15107f]" started-at="2022-06-19T16:37:48 MSK" name="calculatorSumDoubleTest" data-provider="sumDataDouble" finished-at="2022-06-19T16:37:48 MSK" duration-ms="1" status="PASS">
          <params>
            <param index="0">
              <value>
                <![CDATA[1.9]]>
              </value>
            </param>
            <param index="1">
              <value>
                <![CDATA[25.8]]>
              </value>
            </param>
            <param index="2">
              <value>
                <![CDATA[27.7]]>
              </value>
            </param>
          </params>
          <reporter-output>
          </reporter-output>
        </test-method> <!-- calculatorSumDoubleTest -->
        <test-method is-config="true" signature="setUp()[pri:0, instance:ru.levelp.at.homework2.CalculatorSumTest@4d15107f]" started-at="2022-06-19T16:37:48 MSK" name="setUp" finished-at="2022-06-19T16:37:48 MSK" duration-ms="0" status="PASS">
          <reporter-output>
          </reporter-output>
        </test-method> <!-- setUp -->
        <test-method is-config="true" signature="tearDown()[pri:0, instance:ru.levelp.at.homework2.CalculatorSumTest@4d15107f]" started-at="2022-06-19T16:37:48 MSK" name="tearDown" finished-at="2022-06-19T16:37:48 MSK" duration-ms="1" status="PASS">
          <reporter-output>
          </reporter-output>
        </test-method> <!-- tearDown -->
        <test-method is-config="true" signature="setUp()[pri:0, instance:ru.levelp.at.homework2.CalculatorSumTest@4d15107f]" started-at="2022-06-19T16:37:48 MSK" name="setUp" finished-at="2022-06-19T16:37:48 MSK" duration-ms="1" status="PASS">
          <reporter-output>
          </reporter-output>
        </test-method> <!-- setUp -->
        <test-method signature="calculatorSumDoubleTest(double,double,double)[pri:0, instance:ru.levelp.at.homework2.CalculatorSumTest@4d15107f]" started-at="2022-06-19T16:37:48 MSK" name="calculatorSumDoubleTest" data-provider="sumDataDouble" finished-at="2022-06-19T16:37:48 MSK" duration-ms="1" status="PASS">
          <params>
            <param index="0">
              <value>
                <![CDATA[9.78]]>
              </value>
            </param>
            <param index="1">
              <value>
                <![CDATA[58.563]]>
              </value>
            </param>
            <param index="2">
              <value>
                <![CDATA[68.343]]>
              </value>
            </param>
          </params>
          <reporter-output>
          </reporter-output>
        </test-method> <!-- calculatorSumDoubleTest -->
        <test-method is-config="true" signature="tearDown()[pri:0, instance:ru.levelp.at.homework2.CalculatorSumTest@4d15107f]" started-at="2022-06-19T16:37:48 MSK" name="tearDown" finished-at="2022-06-19T16:37:48 MSK" duration-ms="1" status="PASS">
          <reporter-output>
          </reporter-output>
        </test-method> <!-- tearDown -->
        <test-method is-config="true" signature="setUp()[pri:0, instance:ru.levelp.at.homework2.CalculatorSumTest@4d15107f]" started-at="2022-06-19T16:37:48 MSK" name="setUp" finished-at="2022-06-19T16:37:48 MSK" duration-ms="1" status="PASS">
          <reporter-output>
          </reporter-output>
        </test-method> <!-- setUp -->
        <test-method signature="calculatorSumTest(long,long,long)[pri:0, instance:ru.levelp.at.homework2.CalculatorSumTest@4d15107f]" started-at="2022-06-19T16:37:48 MSK" name="calculatorSumTest" data-provider="sumData" finished-at="2022-06-19T16:37:48 MSK" duration-ms="0" status="PASS">
          <params>
            <param index="0">
              <value>
                <![CDATA[2]]>
              </value>
            </param>
            <param index="1">
              <value>
                <![CDATA[4]]>
              </value>
            </param>
            <param index="2">
              <value>
                <![CDATA[6]]>
              </value>
            </param>
          </params>
          <reporter-output>
          </reporter-output>
        </test-method> <!-- calculatorSumTest -->
        <test-method is-config="true" signature="tearDown()[pri:0, instance:ru.levelp.at.homework2.CalculatorSumTest@4d15107f]" started-at="2022-06-19T16:37:48 MSK" name="tearDown" finished-at="2022-06-19T16:37:48 MSK" duration-ms="0" status="PASS">
          <reporter-output>
          </reporter-output>
        </test-method> <!-- tearDown -->
        <test-method signature="calculatorSumTest(long,long,long)[pri:0, instance:ru.levelp.at.homework2.CalculatorSumTest@4d15107f]" started-at="2022-06-19T16:37:48 MSK" name="calculatorSumTest" data-provider="sumData" finished-at="2022-06-19T16:37:48 MSK" duration-ms="1" status="PASS">
          <params>
            <param index="0">
              <value>
                <![CDATA[6]]>
              </value>
            </param>
            <param index="1">
              <value>
                <![CDATA[5]]>
              </value>
            </param>
            <param index="2">
              <value>
                <![CDATA[11]]>
              </value>
            </param>
          </params>
          <reporter-output>
          </reporter-output>
        </test-method> <!-- calculatorSumTest -->
        <test-method is-config="true" signature="setUp()[pri:0, instance:ru.levelp.at.homework2.CalculatorSumTest@4d15107f]" started-at="2022-06-19T16:37:48 MSK" name="setUp" finished-at="2022-06-19T16:37:48 MSK" duration-ms="0" status="PASS">
          <reporter-output>
          </reporter-output>
        </test-method> <!-- setUp -->
        <test-method is-config="true" signature="tearDown()[pri:0, instance:ru.levelp.at.homework2.CalculatorSumTest@4d15107f]" started-at="2022-06-19T16:37:48 MSK" name="tearDown" finished-at="2022-06-19T16:37:48 MSK" duration-ms="0" status="PASS">
          <reporter-output>
          </reporter-output>
        </test-method> <!-- tearDown -->
        <test-method signature="calculatorSumTest(long,long,long)[pri:0, instance:ru.levelp.at.homework2.CalculatorSumTest@4d15107f]" started-at="2022-06-19T16:37:48 MSK" name="calculatorSumTest" data-provider="sumData" finished-at="2022-06-19T16:37:48 MSK" duration-ms="1" status="PASS">
          <params>
            <param index="0">
              <value>
                <![CDATA[8]]>
              </value>
            </param>
            <param index="1">
              <value>
                <![CDATA[1]]>
              </value>
            </param>
            <param index="2">
              <value>
                <![CDATA[9]]>
              </value>
            </param>
          </params>
          <reporter-output>
          </reporter-output>
        </test-method> <!-- calculatorSumTest -->
        <test-method is-config="true" signature="setUp()[pri:0, instance:ru.levelp.at.homework2.CalculatorSumTest@4d15107f]" started-at="2022-06-19T16:37:48 MSK" name="setUp" finished-at="2022-06-19T16:37:48 MSK" duration-ms="0" status="PASS">
          <reporter-output>
          </reporter-output>
        </test-method> <!-- setUp -->
        <test-method is-config="true" signature="tearDown()[pri:0, instance:ru.levelp.at.homework2.CalculatorSumTest@4d15107f]" started-at="2022-06-19T16:37:48 MSK" name="tearDown" finished-at="2022-06-19T16:37:48 MSK" duration-ms="1" status="PASS">
          <reporter-output>
          </reporter-output>
        </test-method> <!-- tearDown -->
        <test-method is-config="true" signature="setUp()[pri:0, instance:ru.levelp.at.homework2.CalculatorSumTest@4d15107f]" started-at="2022-06-19T16:37:48 MSK" name="setUp" finished-at="2022-06-19T16:37:48 MSK" duration-ms="1" status="PASS">
          <reporter-output>
          </reporter-output>
        </test-method> <!-- setUp -->
        <test-method signature="calculatorSumTest(long,long,long)[pri:0, instance:ru.levelp.at.homework2.CalculatorSumTest@4d15107f]" started-at="2022-06-19T16:37:48 MSK" name="calculatorSumTest" data-provider="sumData" finished-at="2022-06-19T16:37:48 MSK" duration-ms="1" status="PASS">
          <params>
            <param index="0">
              <value>
                <![CDATA[9]]>
              </value>
            </param>
            <param index="1">
              <value>
                <![CDATA[14]]>
              </value>
            </param>
            <param index="2">
              <value>
                <![CDATA[23]]>
              </value>
            </param>
          </params>
          <reporter-output>
          </reporter-output>
        </test-method> <!-- calculatorSumTest -->
        <test-method is-config="true" signature="tearDown()[pri:0, instance:ru.levelp.at.homework2.CalculatorSumTest@4d15107f]" started-at="2022-06-19T16:37:48 MSK" name="tearDown" finished-at="2022-06-19T16:37:48 MSK" duration-ms="0" status="PASS">
          <reporter-output>
          </reporter-output>
        </test-method> <!-- tearDown -->
      </class> <!-- ru.levelp.at.homework2.CalculatorSumTest -->
      <class name="ru.levelp.at.homework2.CalculatorSubTest">
        <test-method signature="calculatorSubTest(double,double,double)[pri:0, instance:ru.levelp.at.homework2.CalculatorSubTest@25df00a0]" started-at="2022-06-19T16:37:48 MSK" name="calculatorSubTest" data-provider="subtractDoubleData" finished-at="2022-06-19T16:37:48 MSK" duration-ms="1" status="PASS">
          <params>
            <param index="0">
              <value>
                <![CDATA[12.8]]>
              </value>
            </param>
            <param index="1">
              <value>
                <![CDATA[4.7]]>
              </value>
            </param>
            <param index="2">
              <value>
                <![CDATA[8.100000000000001]]>
              </value>
            </param>
          </params>
          <reporter-output>
          </reporter-output>
        </test-method> <!-- calculatorSubTest -->
        <test-method is-config="true" signature="setUp()[pri:0, instance:ru.levelp.at.homework2.CalculatorSubTest@25df00a0]" started-at="2022-06-19T16:37:48 MSK" name="setUp" finished-at="2022-06-19T16:37:48 MSK" duration-ms="0" status="PASS">
          <reporter-output>
          </reporter-output>
        </test-method> <!-- setUp -->
        <test-method is-config="true" signature="tearDown()[pri:0, instance:ru.levelp.at.homework2.CalculatorSubTest@25df00a0]" started-at="2022-06-19T16:37:48 MSK" name="tearDown" finished-at="2022-06-19T16:37:48 MSK" duration-ms="0" status="PASS">
          <reporter-output>
          </reporter-output>
        </test-method> <!-- tearDown -->
        <test-method signature="calculatorSubTest(double,double,double)[pri:0, instance:ru.levelp.at.homework2.CalculatorSubTest@25df00a0]" started-at="2022-06-19T16:37:48 MSK" name="calculatorSubTest" data-provider="subtractDoubleData" finished-at="2022-06-19T16:37:48 MSK" duration-ms="0" status="PASS">
          <params>
            <param index="0">
              <value>
                <![CDATA[61.52]]>
              </value>
            </param>
            <param index="1">
              <value>
                <![CDATA[32.89]]>
              </value>
            </param>
            <param index="2">
              <value>
                <![CDATA[28.630000000000003]]>
              </value>
            </param>
          </params>
          <reporter-output>
          </reporter-output>
        </test-method> <!-- calculatorSubTest -->
        <test-method is-config="true" signature="setUp()[pri:0, instance:ru.levelp.at.homework2.CalculatorSubTest@25df00a0]" started-at="2022-06-19T16:37:48 MSK" name="setUp" finished-at="2022-06-19T16:37:48 MSK" duration-ms="0" status="PASS">
          <reporter-output>
          </reporter-output>
        </test-method> <!-- setUp -->
        <test-method is-config="true" signature="tearDown()[pri:0, instance:ru.levelp.at.homework2.CalculatorSubTest@25df00a0]" started-at="2022-06-19T16:37:48 MSK" name="tearDown" finished-at="2022-06-19T16:37:48 MSK" duration-ms="1" status="PASS">
          <reporter-output>
          </reporter-output>
        </test-method> <!-- tearDown -->
        <test-method is-config="true" signature="setUp()[pri:0, instance:ru.levelp.at.homework2.CalculatorSubTest@25df00a0]" started-at="2022-06-19T16:37:48 MSK" name="setUp" finished-at="2022-06-19T16:37:48 MSK" duration-ms="1" status="PASS">
          <reporter-output>
          </reporter-output>
        </test-method> <!-- setUp -->
        <test-method signature="calculatorSubTest(double,double,double)[pri:0, instance:ru.levelp.at.homework2.CalculatorSubTest@25df00a0]" started-at="2022-06-19T16:37:48 MSK" name="calculatorSubTest" data-provider="subtractDoubleData" finished-at="2022-06-19T16:37:48 MSK" duration-ms="0" status="PASS">
          <params>
            <param index="0">
              <value>
                <![CDATA[69.876]]>
              </value>
            </param>
            <param index="1">
              <value>
                <![CDATA[12.5267]]>
              </value>
            </param>
            <param index="2">
              <value>
                <![CDATA[57.34930000000001]]>
              </value>
            </param>
          </params>
          <reporter-output>
          </reporter-output>
        </test-method> <!-- calculatorSubTest -->
        <test-method is-config="true" signature="tearDown()[pri:0, instance:ru.levelp.at.homework2.CalculatorSubTest@25df00a0]" started-at="2022-06-19T16:37:48 MSK" name="tearDown" finished-at="2022-06-19T16:37:48 MSK" duration-ms="0" status="PASS">
          <reporter-output>
          </reporter-output>
        </test-method> <!-- tearDown -->
        <test-method is-config="true" signature="setUp()[pri:0, instance:ru.levelp.at.homework2.CalculatorSubTest@25df00a0]" started-at="2022-06-19T16:37:48 MSK" name="setUp" finished-at="2022-06-19T16:37:48 MSK" duration-ms="1" status="PASS">
          <reporter-output>
          </reporter-output>
        </test-method> <!-- setUp -->
        <test-method signature="calculatorSubTest(long,long,long)[pri:0, instance:ru.levelp.at.homework2.CalculatorSubTest@25df00a0]" started-at="2022-06-19T16:37:48 MSK" name="calculatorSubTest" data-provider="subtractData" finished-at="2022-06-19T16:37:48 MSK" duration-ms="0" status="PASS">
          <params>
            <param index="0">
              <value>
                <![CDATA[12]]>
              </value>
            </param>
            <param index="1">
              <value>
                <![CDATA[4]]>
              </value>
            </param>
            <param index="2">
              <value>
                <![CDATA[8]]>
              </value>
            </param>
          </params>
          <reporter-output>
          </reporter-output>
        </test-method> <!-- calculatorSubTest -->
        <test-method is-config="true" signature="tearDown()[pri:0, instance:ru.levelp.at.homework2.CalculatorSubTest@25df00a0]" started-at="2022-06-19T16:37:48 MSK" name="tearDown" finished-at="2022-06-19T16:37:48 MSK" duration-ms="0" status="PASS">
          <reporter-output>
          </reporter-output>
        </test-method> <!-- tearDown -->
        <test-method is-config="true" signature="setUp()[pri:0, instance:ru.levelp.at.homework2.CalculatorSubTest@25df00a0]" started-at="2022-06-19T16:37:48 MSK" name="setUp" finished-at="2022-06-19T16:37:48 MSK" duration-ms="2" status="PASS">
          <reporter-output>
          </reporter-output>
        </test-method> <!-- setUp -->
        <test-method signature="calculatorSubTest(long,long,long)[pri:0, instance:ru.levelp.at.homework2.CalculatorSubTest@25df00a0]" started-at="2022-06-19T16:37:48 MSK" name="calculatorSubTest" data-provider="subtractData" finished-at="2022-06-19T16:37:48 MSK" duration-ms="0" status="PASS">
          <params>
            <param index="0">
              <value>
                <![CDATA[6]]>
              </value>
            </param>
            <param index="1">
              <value>
                <![CDATA[5]]>
              </value>
            </param>
            <param index="2">
              <value>
                <![CDATA[1]]>
              </value>
            </param>
          </params>
          <reporter-output>
          </reporter-output>
        </test-method> <!-- calculatorSubTest -->
        <test-method is-config="true" signature="tearDown()[pri:0, instance:ru.levelp.at.homework2.CalculatorSubTest@25df00a0]" started-at="2022-06-19T16:37:48 MSK" name="tearDown" finished-at="2022-06-19T16:37:48 MSK" duration-ms="0" status="PASS">
          <reporter-output>
          </reporter-output>
        </test-method> <!-- tearDown -->
        <test-method signature="calculatorSubTest(long,long,long)[pri:0, instance:ru.levelp.at.homework2.CalculatorSubTest@25df00a0]" started-at="2022-06-19T16:37:48 MSK" name="calculatorSubTest" data-provider="subtractData" finished-at="2022-06-19T16:37:48 MSK" duration-ms="1" status="PASS">
          <params>
            <param index="0">
              <value>
                <![CDATA[8]]>
              </value>
            </param>
            <param index="1">
              <value>
                <![CDATA[1]]>
              </value>
            </param>
            <param index="2">
              <value>
                <![CDATA[7]]>
              </value>
            </param>
          </params>
          <reporter-output>
          </reporter-output>
        </test-method> <!-- calculatorSubTest -->
        <test-method is-config="true" signature="setUp()[pri:0, instance:ru.levelp.at.homework2.CalculatorSubTest@25df00a0]" started-at="2022-06-19T16:37:48 MSK" name="setUp" finished-at="2022-06-19T16:37:48 MSK" duration-ms="0" status="PASS">
          <reporter-output>
          </reporter-output>
        </test-method> <!-- setUp -->
        <test-method is-config="true" signature="tearDown()[pri:0, instance:ru.levelp.at.homework2.CalculatorSubTest@25df00a0]" started-at="2022-06-19T16:37:48 MSK" name="tearDown" finished-at="2022-06-19T16:37:48 MSK" duration-ms="1" status="PASS">
          <reporter-output>
          </reporter-output>
        </test-method> <!-- tearDown -->
        <test-method is-config="true" signature="setUp()[pri:0, instance:ru.levelp.at.homework2.CalculatorSubTest@25df00a0]" started-at="2022-06-19T16:37:48 MSK" name="setUp" finished-at="2022-06-19T16:37:48 MSK" duration-ms="1" status="PASS">
          <reporter-output>
          </reporter-output>
        </test-method> <!-- setUp -->
        <test-method signature="calculatorSubTest(long,long,long)[pri:0, instance:ru.levelp.at.homework2.CalculatorSubTest@25df00a0]" started-at="2022-06-19T16:37:48 MSK" name="calculatorSubTest" data-provider="subtractData" finished-at="2022-06-19T16:37:48 MSK" duration-ms="0" status="PASS">
          <params>
            <param index="0">
              <value>
                <![CDATA[15]]>
              </value>
            </param>
            <param index="1">
              <value>
                <![CDATA[2]]>
              </value>
            </param>
            <param index="2">
              <value>
                <![CDATA[13]]>
              </value>
            </param>
          </params>
          <reporter-output>
          </reporter-output>
        </test-method> <!-- calculatorSubTest -->
        <test-method is-config="true" signature="tearDown()[pri:0, instance:ru.levelp.at.homework2.CalculatorSubTest@25df00a0]" started-at="2022-06-19T16:37:48 MSK" name="tearDown" finished-at="2022-06-19T16:37:48 MSK" duration-ms="0" status="PASS">
          <reporter-output>
          </reporter-output>
        </test-method> <!-- tearDown -->
      </class> <!-- ru.levelp.at.homework2.CalculatorSubTest -->
      <class name="ru.levelp.at.homework2.CalculatorDivTest">
        <test-method is-config="true" signature="setUp()[pri:0, instance:ru.levelp.at.homework2.CalculatorDivTest@c430e6c]" started-at="2022-06-19T16:37:48 MSK" name="setUp" finished-at="2022-06-19T16:37:48 MSK" duration-ms="17" status="PASS">
          <reporter-output>
          </reporter-output>
        </test-method> <!-- setUp -->
        <test-method signature="calculatorDivDoubleTest(double,double,double)[pri:0, instance:ru.levelp.at.homework2.CalculatorDivTest@c430e6c]" started-at="2022-06-19T16:37:48 MSK" name="calculatorDivDoubleTest" data-provider="divDataDouble" finished-at="2022-06-19T16:37:48 MSK" duration-ms="11" status="PASS">
          <params>
            <param index="0">
              <value>
                <![CDATA[12.8]]>
              </value>
            </param>
            <param index="1">
              <value>
                <![CDATA[4.2]]>
              </value>
            </param>
            <param index="2">
              <value>
                <![CDATA[3.0476190476190474]]>
              </value>
            </param>
          </params>
          <reporter-output>
          </reporter-output>
        </test-method> <!-- calculatorDivDoubleTest -->
        <test-method is-config="true" signature="tearDown()[pri:0, instance:ru.levelp.at.homework2.CalculatorDivTest@c430e6c]" started-at="2022-06-19T16:37:48 MSK" name="tearDown" finished-at="2022-06-19T16:37:48 MSK" duration-ms="0" status="PASS">
          <reporter-output>
          </reporter-output>
        </test-method> <!-- tearDown -->
        <test-method signature="calculatorDivDoubleTest(double,double,double)[pri:0, instance:ru.levelp.at.homework2.CalculatorDivTest@c430e6c]" started-at="2022-06-19T16:37:48 MSK" name="calculatorDivDoubleTest" data-provider="divDataDouble" finished-at="2022-06-19T16:37:48 MSK" duration-ms="2" status="PASS">
          <params>
            <param index="0">
              <value>
                <![CDATA[33.6]]>
              </value>
            </param>
            <param index="1">
              <value>
                <![CDATA[5.6]]>
              </value>
            </param>
            <param index="2">
              <value>
                <![CDATA[6.000000000000001]]>
              </value>
            </param>
          </params>
          <reporter-output>
          </reporter-output>
        </test-method> <!-- calculatorDivDoubleTest -->
        <test-method is-config="true" signature="setUp()[pri:0, instance:ru.levelp.at.homework2.CalculatorDivTest@c430e6c]" started-at="2022-06-19T16:37:48 MSK" name="setUp" finished-at="2022-06-19T16:37:48 MSK" duration-ms="0" status="PASS">
          <reporter-output>
          </reporter-output>
        </test-method> <!-- setUp -->
        <test-method is-config="true" signature="tearDown()[pri:0, instance:ru.levelp.at.homework2.CalculatorDivTest@c430e6c]" started-at="2022-06-19T16:37:48 MSK" name="tearDown" finished-at="2022-06-19T16:37:48 MSK" duration-ms="0" status="PASS">
          <reporter-output>
          </reporter-output>
        </test-method> <!-- tearDown -->
        <test-method is-config="true" signature="setUp()[pri:0, instance:ru.levelp.at.homework2.CalculatorDivTest@c430e6c]" started-at="2022-06-19T16:37:48 MSK" name="setUp" finished-at="2022-06-19T16:37:48 MSK" duration-ms="0" status="PASS">
          <reporter-output>
          </reporter-output>
        </test-method> <!-- setUp -->
        <test-method signature="calculatorDivDoubleTest(double,double,double)[pri:0, instance:ru.levelp.at.homework2.CalculatorDivTest@c430e6c]" started-at="2022-06-19T16:37:48 MSK" name="calculatorDivDoubleTest" data-provider="divDataDouble" finished-at="2022-06-19T16:37:48 MSK" duration-ms="4" status="PASS">
          <params>
            <param index="0">
              <value>
                <![CDATA[100]]>
              </value>
            </param>
            <param index="1">
              <value>
                <![CDATA[2.5]]>
              </value>
            </param>
            <param index="2">
              <value>
                <![CDATA[40]]>
              </value>
            </param>
          </params>
          <reporter-output>
          </reporter-output>
        </test-method> <!-- calculatorDivDoubleTest -->
        <test-method is-config="true" signature="tearDown()[pri:0, instance:ru.levelp.at.homework2.CalculatorDivTest@c430e6c]" started-at="2022-06-19T16:37:48 MSK" name="tearDown" finished-at="2022-06-19T16:37:48 MSK" duration-ms="1" status="PASS">
          <reporter-output>
          </reporter-output>
        </test-method> <!-- tearDown -->
        <test-method is-config="true" signature="setUp()[pri:0, instance:ru.levelp.at.homework2.CalculatorDivTest@c430e6c]" started-at="2022-06-19T16:37:48 MSK" name="setUp" finished-at="2022-06-19T16:37:48 MSK" duration-ms="1" status="PASS">
          <reporter-output>
          </reporter-output>
        </test-method> <!-- setUp -->
        <test-method signature="calculatorDivDoubleTest(double,double,double)[pri:0, instance:ru.levelp.at.homework2.CalculatorDivTest@c430e6c]" started-at="2022-06-19T16:37:48 MSK" name="calculatorDivDoubleTest" data-provider="divDataDouble" finished-at="2022-06-19T16:37:48 MSK" duration-ms="2" status="PASS">
          <params>
            <param index="0">
              <value>
                <![CDATA[25.2]]>
              </value>
            </param>
            <param index="1">
              <value>
                <![CDATA[2.5]]>
              </value>
            </param>
            <param index="2">
              <value>
                <![CDATA[10.08]]>
              </value>
            </param>
          </params>
          <reporter-output>
          </reporter-output>
        </test-method> <!-- calculatorDivDoubleTest -->
        <test-method is-config="true" signature="tearDown()[pri:0, instance:ru.levelp.at.homework2.CalculatorDivTest@c430e6c]" started-at="2022-06-19T16:37:48 MSK" name="tearDown" finished-at="2022-06-19T16:37:48 MSK" duration-ms="0" status="PASS">
          <reporter-output>
          </reporter-output>
        </test-method> <!-- tearDown -->
        <test-method is-config="true" signature="setUp()[pri:0, instance:ru.levelp.at.homework2.CalculatorDivTest@c430e6c]" started-at="2022-06-19T16:37:48 MSK" name="setUp" finished-at="2022-06-19T16:37:48 MSK" duration-ms="1" status="PASS">
          <reporter-output>
          </reporter-output>
        </test-method> <!-- setUp -->
        <test-method signature="calculatorDivTest(long,long,long)[pri:0, instance:ru.levelp.at.homework2.CalculatorDivTest@c430e6c]" started-at="2022-06-19T16:37:48 MSK" name="calculatorDivTest" data-provider="divData" finished-at="2022-06-19T16:37:48 MSK" duration-ms="1" status="PASS">
          <params>
            <param index="0">
              <value>
                <![CDATA[12]]>
              </value>
            </param>
            <param index="1">
              <value>
                <![CDATA[4]]>
              </value>
            </param>
            <param index="2">
              <value>
                <![CDATA[3]]>
              </value>
            </param>
          </params>
          <reporter-output>
          </reporter-output>
        </test-method> <!-- calculatorDivTest -->
        <test-method is-config="true" signature="tearDown()[pri:0, instance:ru.levelp.at.homework2.CalculatorDivTest@c430e6c]" started-at="2022-06-19T16:37:48 MSK" name="tearDown" finished-at="2022-06-19T16:37:48 MSK" duration-ms="0" status="PASS">
          <reporter-output>
          </reporter-output>
        </test-method> <!-- tearDown -->
        <test-method is-config="true" signature="setUp()[pri:0, instance:ru.levelp.at.homework2.CalculatorDivTest@c430e6c]" started-at="2022-06-19T16:37:48 MSK" name="setUp" finished-at="2022-06-19T16:37:48 MSK" duration-ms="1" status="PASS">
          <reporter-output>
          </reporter-output>
        </test-method> <!-- setUp -->
        <test-method signature="calculatorDivTest(long,long,long)[pri:0, instance:ru.levelp.at.homework2.CalculatorDivTest@c430e6c]" started-at="2022-06-19T16:37:48 MSK" name="calculatorDivTest" data-provider="divData" finished-at="2022-06-19T16:37:48 MSK" duration-ms="0" status="PASS">
          <params>
            <param index="0">
              <value>
                <![CDATA[30]]>
              </value>
            </param>
            <param index="1">
              <value>
                <![CDATA[5]]>
              </value>
            </param>
            <param index="2">
              <value>
                <![CDATA[6]]>
              </value>
            </param>
          </params>
          <reporter-output>
          </reporter-output>
        </test-method> <!-- calculatorDivTest -->
        <test-method is-config="true" signature="tearDown()[pri:0, instance:ru.levelp.at.homework2.CalculatorDivTest@c430e6c]" started-at="2022-06-19T16:37:48 MSK" name="tearDown" finished-at="2022-06-19T16:37:48 MSK" duration-ms="0" status="PASS">
          <reporter-output>
          </reporter-output>
        </test-method> <!-- tearDown -->
        <test-method is-config="true" signature="setUp()[pri:0, instance:ru.levelp.at.homework2.CalculatorDivTest@c430e6c]" started-at="2022-06-19T16:37:48 MSK" name="setUp" finished-at="2022-06-19T16:37:48 MSK" duration-ms="1" status="PASS">
          <reporter-output>
          </reporter-output>
        </test-method> <!-- setUp -->
        <test-method signature="calculatorDivTest(long,long,long)[pri:0, instance:ru.levelp.at.homework2.CalculatorDivTest@c430e6c]" started-at="2022-06-19T16:37:48 MSK" name="calculatorDivTest" data-provider="divData" finished-at="2022-06-19T16:37:48 MSK" duration-ms="1" status="PASS">
          <params>
            <param index="0">
              <value>
                <![CDATA[100]]>
              </value>
            </param>
            <param index="1">
              <value>
                <![CDATA[2]]>
              </value>
            </param>
            <param index="2">
              <value>
                <![CDATA[50]]>
              </value>
            </param>
          </params>
          <reporter-output>
          </reporter-output>
        </test-method> <!-- calculatorDivTest -->
        <test-method is-config="true" signature="tearDown()[pri:0, instance:ru.levelp.at.homework2.CalculatorDivTest@c430e6c]" started-at="2022-06-19T16:37:48 MSK" name="tearDown" finished-at="2022-06-19T16:37:48 MSK" duration-ms="0" status="PASS">
          <reporter-output>
          </reporter-output>
        </test-method> <!-- tearDown -->
        <test-method is-config="true" signature="setUp()[pri:0, instance:ru.levelp.at.homework2.CalculatorDivTest@c430e6c]" started-at="2022-06-19T16:37:48 MSK" name="setUp" finished-at="2022-06-19T16:37:48 MSK" duration-ms="0" status="PASS">
          <reporter-output>
          </reporter-output>
        </test-method> <!-- setUp -->
        <test-method signature="calculatorDivTest(long,long,long)[pri:0, instance:ru.levelp.at.homework2.CalculatorDivTest@c430e6c]" started-at="2022-06-19T16:37:48 MSK" name="calculatorDivTest" data-provider="divData" finished-at="2022-06-19T16:37:48 MSK" duration-ms="8" status="PASS">
          <params>
            <param index="0">
              <value>
                <![CDATA[18]]>
              </value>
            </param>
            <param index="1">
              <value>
                <![CDATA[2]]>
              </value>
            </param>
            <param index="2">
              <value>
                <![CDATA[9]]>
              </value>
            </param>
          </params>
          <reporter-output>
          </reporter-output>
        </test-method> <!-- calculatorDivTest -->
        <test-method is-config="true" signature="tearDown()[pri:0, instance:ru.levelp.at.homework2.CalculatorDivTest@c430e6c]" started-at="2022-06-19T16:37:48 MSK" name="tearDown" finished-at="2022-06-19T16:37:48 MSK" duration-ms="1" status="PASS">
          <reporter-output>
          </reporter-output>
        </test-method> <!-- tearDown -->
        <test-method is-config="true" signature="setUp()[pri:0, instance:ru.levelp.at.homework2.CalculatorDivTest@c430e6c]" started-at="2022-06-19T16:37:48 MSK" name="setUp" finished-at="2022-06-19T16:37:48 MSK" duration-ms="1" status="PASS">
          <reporter-output>
          </reporter-output>
        </test-method> <!-- setUp -->
        <test-method signature="exceptionDoubleTesting()[pri:0, instance:ru.levelp.at.homework2.CalculatorDivTest@c430e6c]" started-at="2022-06-19T16:37:48 MSK" name="exceptionDoubleTesting" finished-at="2022-06-19T16:37:48 MSK" duration-ms="2" status="PASS">
          <reporter-output>
          </reporter-output>
        </test-method> <!-- exceptionDoubleTesting -->
        <test-method is-config="true" signature="tearDown()[pri:0, instance:ru.levelp.at.homework2.CalculatorDivTest@c430e6c]" started-at="2022-06-19T16:37:48 MSK" name="tearDown" finished-at="2022-06-19T16:37:48 MSK" duration-ms="1" status="PASS">
          <reporter-output>
          </reporter-output>
        </test-method> <!-- tearDown -->
        <test-method is-config="true" signature="setUp()[pri:0, instance:ru.levelp.at.homework2.CalculatorDivTest@c430e6c]" started-at="2022-06-19T16:37:48 MSK" name="setUp" finished-at="2022-06-19T16:37:48 MSK" duration-ms="1" status="PASS">
          <reporter-output>
          </reporter-output>
        </test-method> <!-- setUp -->
        <test-method signature="exceptionTesting()[pri:0, instance:ru.levelp.at.homework2.CalculatorDivTest@c430e6c]" started-at="2022-06-19T16:37:48 MSK" name="exceptionTesting" finished-at="2022-06-19T16:37:48 MSK" duration-ms="4" status="PASS">
          <reporter-output>
          </reporter-output>
        </test-method> <!-- exceptionTesting -->
        <test-method is-config="true" signature="tearDown()[pri:0, instance:ru.levelp.at.homework2.CalculatorDivTest@c430e6c]" started-at="2022-06-19T16:37:48 MSK" name="tearDown" finished-at="2022-06-19T16:37:48 MSK" duration-ms="1" status="PASS">
          <reporter-output>
          </reporter-output>
        </test-method> <!-- tearDown -->
      </class> <!-- ru.levelp.at.homework2.CalculatorDivTest -->
      <class name="ru.levelp.at.homework2.CalculatorFuncTest">
        <test-method is-config="true" signature="setUp()[pri:0, instance:ru.levelp.at.homework2.CalculatorFuncTest@4d14b6c2]" started-at="2022-06-19T16:37:48 MSK" name="setUp" finished-at="2022-06-19T16:37:48 MSK" duration-ms="1" status="PASS">
          <reporter-output>
          </reporter-output>
        </test-method> <!-- setUp -->
        <test-method signature="calculatorFunTest(double,double,double)[pri:0, instance:ru.levelp.at.homework2.CalculatorFuncTest@4d14b6c2]" started-at="2022-06-19T16:37:48 MSK" name="calculatorFunTest" data-provider="divDataPow" finished-at="2022-06-19T16:37:48 MSK" duration-ms="1" status="PASS">
          <params>
            <param index="0">
              <value>
                <![CDATA[2]]>
              </value>
            </param>
            <param index="1">
              <value>
                <![CDATA[2]]>
              </value>
            </param>
            <param index="2">
              <value>
                <![CDATA[4]]>
              </value>
            </param>
          </params>
          <reporter-output>
          </reporter-output>
        </test-method> <!-- calculatorFunTest -->
        <test-method is-config="true" signature="tearDown()[pri:0, instance:ru.levelp.at.homework2.CalculatorFuncTest@4d14b6c2]" started-at="2022-06-19T16:37:48 MSK" name="tearDown" finished-at="2022-06-19T16:37:48 MSK" duration-ms="1" status="PASS">
          <reporter-output>
          </reporter-output>
        </test-method> <!-- tearDown -->
      </class> <!-- ru.levelp.at.homework2.CalculatorFuncTest -->
      <class name="ru.levelp.at.homework2.CalculatorMultTest">
        <test-method is-config="true" signature="setUp()[pri:0, instance:ru.levelp.at.homework2.CalculatorMultTest@c05fddc]" started-at="2022-06-19T16:37:48 MSK" name="setUp" finished-at="2022-06-19T16:37:48 MSK" duration-ms="1" status="PASS">
          <reporter-output>
          </reporter-output>
        </test-method> <!-- setUp -->
        <test-method signature="calculatorMultiplyTest(double,double,double)[pri:0, instance:ru.levelp.at.homework2.CalculatorMultTest@c05fddc]" started-at="2022-06-19T16:37:48 MSK" name="calculatorMultiplyTest" data-provider="multiplyDoubleData" finished-at="2022-06-19T16:37:48 MSK" duration-ms="1" status="PASS">
          <params>
            <param index="0">
              <value>
                <![CDATA[2.5]]>
              </value>
            </param>
            <param index="1">
              <value>
                <![CDATA[4.2]]>
              </value>
            </param>
            <param index="2">
              <value>
                <![CDATA[10.0]]>
              </value>
            </param>
          </params>
          <reporter-output>
          </reporter-output>
        </test-method> <!-- calculatorMultiplyTest -->
        <test-method is-config="true" signature="tearDown()[pri:0, instance:ru.levelp.at.homework2.CalculatorMultTest@c05fddc]" started-at="2022-06-19T16:37:48 MSK" name="tearDown" finished-at="2022-06-19T16:37:48 MSK" duration-ms="0" status="PASS">
          <reporter-output>
          </reporter-output>
        </test-method> <!-- tearDown -->
        <test-method is-config="true" signature="setUp()[pri:0, instance:ru.levelp.at.homework2.CalculatorMultTest@c05fddc]" started-at="2022-06-19T16:37:48 MSK" name="setUp" finished-at="2022-06-19T16:37:48 MSK" duration-ms="0" status="PASS">
          <reporter-output>
          </reporter-output>
        </test-method> <!-- setUp -->
        <test-method signature="calculatorMultiplyTest(double,double,double)[pri:0, instance:ru.levelp.at.homework2.CalculatorMultTest@c05fddc]" started-at="2022-06-19T16:37:48 MSK" name="calculatorMultiplyTest" data-provider="multiplyDoubleData" finished-at="2022-06-19T16:37:48 MSK" duration-ms="1" status="PASS">
          <params>
            <param index="0">
              <value>
                <![CDATA[6.2]]>
              </value>
            </param>
            <param index="1">
              <value>
                <![CDATA[5.8]]>
              </value>
            </param>
            <param index="2">
              <value>
                <![CDATA[35.0]]>
              </value>
            </param>
          </params>
          <reporter-output>
          </reporter-output>
        </test-method> <!-- calculatorMultiplyTest -->
        <test-method is-config="true" signature="tearDown()[pri:0, instance:ru.levelp.at.homework2.CalculatorMultTest@c05fddc]" started-at="2022-06-19T16:37:48 MSK" name="tearDown" finished-at="2022-06-19T16:37:48 MSK" duration-ms="0" status="PASS">
          <reporter-output>
          </reporter-output>
        </test-method> <!-- tearDown -->
        <test-method is-config="true" signature="setUp()[pri:0, instance:ru.levelp.at.homework2.CalculatorMultTest@c05fddc]" started-at="2022-06-19T16:37:48 MSK" name="setUp" finished-at="2022-06-19T16:37:48 MSK" duration-ms="1" status="PASS">
          <reporter-output>
          </reporter-output>
        </test-method> <!-- setUp -->
        <test-method signature="calculatorMultiplyTest(double,double,double)[pri:0, instance:ru.levelp.at.homework2.CalculatorMultTest@c05fddc]" started-at="2022-06-19T16:37:48 MSK" name="calculatorMultiplyTest" data-provider="multiplyDoubleData" finished-at="2022-06-19T16:37:48 MSK" duration-ms="1" status="PASS">
          <params>
            <param index="0">
              <value>
                <![CDATA[9.7]]>
              </value>
            </param>
            <param index="1">
              <value>
                <![CDATA[1]]>
              </value>
            </param>
            <param index="2">
              <value>
                <![CDATA[9.0]]>
              </value>
            </param>
          </params>
          <reporter-output>
          </reporter-output>
        </test-method> <!-- calculatorMultiplyTest -->
        <test-method is-config="true" signature="tearDown()[pri:0, instance:ru.levelp.at.homework2.CalculatorMultTest@c05fddc]" started-at="2022-06-19T16:37:48 MSK" name="tearDown" finished-at="2022-06-19T16:37:48 MSK" duration-ms="1" status="PASS">
          <reporter-output>
          </reporter-output>
        </test-method> <!-- tearDown -->
        <test-method is-config="true" signature="setUp()[pri:0, instance:ru.levelp.at.homework2.CalculatorMultTest@c05fddc]" started-at="2022-06-19T16:37:48 MSK" name="setUp" finished-at="2022-06-19T16:37:48 MSK" duration-ms="1" status="PASS">
          <reporter-output>
          </reporter-output>
        </test-method> <!-- setUp -->
        <test-method signature="calculatorMultiplyTest(double,double,double)[pri:0, instance:ru.levelp.at.homework2.CalculatorMultTest@c05fddc]" started-at="2022-06-19T16:37:48 MSK" name="calculatorMultiplyTest" data-provider="multiplyDoubleData" finished-at="2022-06-19T16:37:48 MSK" duration-ms="1" status="PASS">
          <params>
            <param index="0">
              <value>
                <![CDATA[56.2548]]>
              </value>
            </param>
            <param index="1">
              <value>
                <![CDATA[34.2587]]>
              </value>
            </param>
            <param index="2">
              <value>
                <![CDATA[1927.0]]>
              </value>
            </param>
          </params>
          <reporter-output>
          </reporter-output>
        </test-method> <!-- calculatorMultiplyTest -->
        <test-method is-config="true" signature="tearDown()[pri:0, instance:ru.levelp.at.homework2.CalculatorMultTest@c05fddc]" started-at="2022-06-19T16:37:48 MSK" name="tearDown" finished-at="2022-06-19T16:37:48 MSK" duration-ms="1" status="PASS">
          <reporter-output>
          </reporter-output>
        </test-method> <!-- tearDown -->
        <test-method is-config="true" signature="setUp()[pri:0, instance:ru.levelp.at.homework2.CalculatorMultTest@c05fddc]" started-at="2022-06-19T16:37:48 MSK" name="setUp" finished-at="2022-06-19T16:37:48 MSK" duration-ms="2" status="PASS">
          <reporter-output>
          </reporter-output>
        </test-method> <!-- setUp -->
        <test-method signature="calculatorMultiplyTest(long,long,long)[pri:0, instance:ru.levelp.at.homework2.CalculatorMultTest@c05fddc]" started-at="2022-06-19T16:37:48 MSK" name="calculatorMultiplyTest" data-provider="multiplyData" finished-at="2022-06-19T16:37:48 MSK" duration-ms="0" status="PASS">
          <params>
            <param index="0">
              <value>
                <![CDATA[2]]>
              </value>
            </param>
            <param index="1">
              <value>
                <![CDATA[4]]>
              </value>
            </param>
            <param index="2">
              <value>
                <![CDATA[8]]>
              </value>
            </param>
          </params>
          <reporter-output>
          </reporter-output>
        </test-method> <!-- calculatorMultiplyTest -->
        <test-method is-config="true" signature="tearDown()[pri:0, instance:ru.levelp.at.homework2.CalculatorMultTest@c05fddc]" started-at="2022-06-19T16:37:48 MSK" name="tearDown" finished-at="2022-06-19T16:37:48 MSK" duration-ms="1" status="PASS">
          <reporter-output>
          </reporter-output>
        </test-method> <!-- tearDown -->
        <test-method is-config="true" signature="setUp()[pri:0, instance:ru.levelp.at.homework2.CalculatorMultTest@c05fddc]" started-at="2022-06-19T16:37:48 MSK" name="setUp" finished-at="2022-06-19T16:37:48 MSK" duration-ms="0" status="PASS">
          <reporter-output>
          </reporter-output>
        </test-method> <!-- setUp -->
        <test-method signature="calculatorMultiplyTest(long,long,long)[pri:0, instance:ru.levelp.at.homework2.CalculatorMultTest@c05fddc]" started-at="2022-06-19T16:37:48 MSK" name="calculatorMultiplyTest" data-provider="multiplyData" finished-at="2022-06-19T16:37:48 MSK" duration-ms="0" status="PASS">
          <params>
            <param index="0">
              <value>
                <![CDATA[6]]>
              </value>
            </param>
            <param index="1">
              <value>
                <![CDATA[5]]>
              </value>
            </param>
            <param index="2">
              <value>
                <![CDATA[30]]>
              </value>
            </param>
          </params>
          <reporter-output>
          </reporter-output>
        </test-method> <!-- calculatorMultiplyTest -->
        <test-method is-config="true" signature="tearDown()[pri:0, instance:ru.levelp.at.homework2.CalculatorMultTest@c05fddc]" started-at="2022-06-19T16:37:48 MSK" name="tearDown" finished-at="2022-06-19T16:37:48 MSK" duration-ms="1" status="PASS">
          <reporter-output>
          </reporter-output>
        </test-method> <!-- tearDown -->
        <test-method is-config="true" signature="setUp()[pri:0, instance:ru.levelp.at.homework2.CalculatorMultTest@c05fddc]" started-at="2022-06-19T16:37:48 MSK" name="setUp" finished-at="2022-06-19T16:37:48 MSK" duration-ms="10" status="PASS">
          <reporter-output>
          </reporter-output>
        </test-method> <!-- setUp -->
        <test-method signature="calculatorMultiplyTest(long,long,long)[pri:0, instance:ru.levelp.at.homework2.CalculatorMultTest@c05fddc]" started-at="2022-06-19T16:37:48 MSK" name="calculatorMultiplyTest" data-provider="multiplyData" finished-at="2022-06-19T16:37:48 MSK" duration-ms="2" status="PASS">
          <params>
            <param index="0">
              <value>
                <![CDATA[8]]>
              </value>
            </param>
            <param index="1">
              <value>
                <![CDATA[1]]>
              </value>
            </param>
            <param index="2">
              <value>
                <![CDATA[8]]>
              </value>
            </param>
          </params>
          <reporter-output>
          </reporter-output>
        </test-method> <!-- calculatorMultiplyTest -->
        <test-method is-config="true" signature="tearDown()[pri:0, instance:ru.levelp.at.homework2.CalculatorMultTest@c05fddc]" started-at="2022-06-19T16:37:48 MSK" name="tearDown" finished-at="2022-06-19T16:37:48 MSK" duration-ms="1" status="PASS">
          <reporter-output>
          </reporter-output>
        </test-method> <!-- tearDown -->
        <test-method signature="calculatorMultiplyTest(long,long,long)[pri:0, instance:ru.levelp.at.homework2.CalculatorMultTest@c05fddc]" started-at="2022-06-19T16:37:48 MSK" name="calculatorMultiplyTest" data-provider="multiplyData" finished-at="2022-06-19T16:37:48 MSK" duration-ms="1" status="PASS">
          <params>
            <param index="0">
              <value>
                <![CDATA[15]]>
              </value>
            </param>
            <param index="1">
              <value>
                <![CDATA[2]]>
              </value>
            </param>
            <param index="2">
              <value>
                <![CDATA[30]]>
              </value>
            </param>
          </params>
          <reporter-output>
          </reporter-output>
        </test-method> <!-- calculatorMultiplyTest -->
        <test-method is-config="true" signature="setUp()[pri:0, instance:ru.levelp.at.homework2.CalculatorMultTest@c05fddc]" started-at="2022-06-19T16:37:48 MSK" name="setUp" finished-at="2022-06-19T16:37:48 MSK" duration-ms="0" status="PASS">
          <reporter-output>
          </reporter-output>
        </test-method> <!-- setUp -->
        <test-method is-config="true" signature="tearDown()[pri:0, instance:ru.levelp.at.homework2.CalculatorMultTest@c05fddc]" started-at="2022-06-19T16:37:48 MSK" name="tearDown" finished-at="2022-06-19T16:37:48 MSK" duration-ms="0" status="PASS">
          <reporter-output>
          </reporter-output>
        </test-method> <!-- tearDown -->
      </class> <!-- ru.levelp.at.homework2.CalculatorMultTest -->
    </test> <!-- All Calculator Test -->
  </suite> <!-- All Calculator Test Suite -->
</testng-results>
